INFO: [VRFC 10-2263] Analyzing Verilog file "E:/One Drive/OneDrive - whu.edu.cn/Learning/computerOrg/lab_related/Computer-Organization/coursecodes/holidays/pl/EXT.v" into library xil_defaultlib
INFO: [VRFC 10-311] analyzing module EXT
INFO: [VRFC 10-2263] Analyzing Verilog file "E:/One Drive/OneDrive - whu.edu.cn/Learning/computerOrg/lab_related/Computer-Organization/coursecodes/holidays/pl/EX_MEM.v" into library xil_defaultlib
INFO: [VRFC 10-311] analyzing module EX_MEM
INFO: [VRFC 10-2263] Analyzing Verilog file "E:/One Drive/OneDrive - whu.edu.cn/Learning/computerOrg/lab_related/Computer-Organization/coursecodes/holidays/pl/ID_EX.v" into library xil_defaultlib
INFO: [VRFC 10-311] analyzing module ID_EX
INFO: [VRFC 10-2263] Analyzing Verilog file "E:/One Drive/OneDrive - whu.edu.cn/Learning/computerOrg/lab_related/Computer-Organization/coursecodes/holidays/pl/IF_ID.v" into library xil_defaultlib
INFO: [VRFC 10-311] analyzing module IF_ID
INFO: [VRFC 10-2263] Analyzing Verilog file "E:/One Drive/OneDrive - whu.edu.cn/Learning/computerOrg/lab_related/Computer-Organization/coursecodes/holidays/pl/MEM_WB.v" into library xil_defaultlib
INFO: [VRFC 10-311] analyzing module MEM_WB
INFO: [VRFC 10-2263] Analyzing Verilog file "E:/One Drive/OneDrive - whu.edu.cn/Learning/computerOrg/lab_related/Computer-Organization/coursecodes/holidays/pl/NPC.v" into library xil_defaultlib
INFO: [VRFC 10-311] analyzing module NPC
INFO: [VRFC 10-2263] Analyzing Verilog file "E:/One Drive/OneDrive - whu.edu.cn/Learning/computerOrg/lab_related/Computer-Organization/coursecodes/holidays/pl/PC.v" into library xil_defaultlib
INFO: [VRFC 10-311] analyzing module PC
INFO: [VRFC 10-2263] Analyzing Verilog file "E:/One Drive/OneDrive - whu.edu.cn/Learning/computerOrg/lab_related/Computer-Organization/coursecodes/holidays/pl/RF.v" into library xil_defaultlib
INFO: [VRFC 10-311] analyzing module RF
INFO: [VRFC 10-2263] Analyzing Verilog file "E:/One Drive/OneDrive - whu.edu.cn/Learning/computerOrg/lab_related/Computer-Organization/coursecodes/holidays/pl/SCPU.v" into library xil_defaultlib
INFO: [VRFC 10-311] analyzing module SCPU
INFO: [VRFC 10-2458] undeclared symbol MemRead, assumed default net type wire [E:/One Drive/OneDrive - whu.edu.cn/Learning/computerOrg/lab_related/Computer-Organization/coursecodes/holidays/pl/SCPU.v:162]
INFO: [VRFC 10-2458] undeclared symbol ori_B, assumed default net type wire [E:/One Drive/OneDrive - whu.edu.cn/Learning/computerOrg/lab_related/Computer-Organization/coursecodes/holidays/pl/SCPU.v:266]
INFO: [VRFC 10-2263] Analyzing Verilog file "E:/One Drive/OneDrive - whu.edu.cn/Learning/computerOrg/lab_related/Computer-Organization/coursecodes/holidays/pl/Stall.v" into library xil_defaultlib
INFO: [VRFC 10-311] analyzing module Stall
INFO: [VRFC 10-2263] Analyzing Verilog file "E:/One Drive/OneDrive - whu.edu.cn/Learning/computerOrg/lab_related/Computer-Organization/coursecodes/holidays/pl/alu.v" into library xil_defaultlib
INFO: [VRFC 10-311] analyzing module alu
INFO: [VRFC 10-2263] Analyzing Verilog file "E:/One Drive/OneDrive - whu.edu.cn/Learning/computerOrg/lab_related/Computer-Organization/coursecodes/holidays/pl/ctrl.v" into library xil_defaultlib
INFO: [VRFC 10-311] analyzing module ctrl
INFO: [VRFC 10-2263] Analyzing Verilog file "E:/One Drive/OneDrive - whu.edu.cn/Learning/computerOrg/lab_related/Computer-Organization/coursecodes/holidays/pl/dm.v" into library xil_defaultlib
INFO: [VRFC 10-311] analyzing module dm
INFO: [VRFC 10-2263] Analyzing Verilog file "E:/One Drive/OneDrive - whu.edu.cn/Learning/computerOrg/lab_related/Computer-Organization/coursecodes/holidays/pl/forward.v" into library xil_defaultlib
INFO: [VRFC 10-311] analyzing module Forward
INFO: [VRFC 10-2263] Analyzing Verilog file "E:/One Drive/OneDrive - whu.edu.cn/Learning/computerOrg/lab_related/Computer-Organization/coursecodes/holidays/pl/im.v" into library xil_defaultlib
INFO: [VRFC 10-311] analyzing module im
INFO: [VRFC 10-2263] Analyzing Verilog file "E:/One Drive/OneDrive - whu.edu.cn/Learning/computerOrg/lab_related/Computer-Organization/coursecodes/holidays/pl/sccomp.v" into library xil_defaultlib
INFO: [VRFC 10-311] analyzing module xgriscv_sc
INFO: [VRFC 10-2263] Analyzing Verilog file "E:/One Drive/OneDrive - whu.edu.cn/Learning/computerOrg/lab_related/Computer-Organization/coursecodes/holidays/pl/sccomp_tb.v" into library xil_defaultlib
INFO: [VRFC 10-311] analyzing module xgriscv_tb
