
*** Running vivado
    with args -log tmpfile.vds -m64 -product Vivado -mode batch -messageDb vivado.pb -notrace -source tmpfile.tcl


****** Vivado v2018.2 (64-bit)
  **** SW Build 2258646 on Thu Jun 14 20:03:12 MDT 2018
  **** IP Build 2256618 on Thu Jun 14 22:10:49 MDT 2018
    ** Copyright 1986-2018 Xilinx, Inc. All Rights Reserved.

source tmpfile.tcl -notrace
Command: synth_design -top tmpfile -part xc7a100tcsg324-1
Starting synth_design
Attempting to get a license for feature 'Synthesis' and/or device 'xc7a100t'
INFO: [Common 17-349] Got license for feature 'Synthesis' and/or device 'xc7a100t'
INFO: Launching helper process for spawning children vivado processes
INFO: Helper process launched with PID 22908 
---------------------------------------------------------------------------------
Starting RTL Elaboration : Time (s): cpu = 00:00:01 ; elapsed = 00:00:02 . Memory (MB): peak = 440.875 ; gain = 94.113
---------------------------------------------------------------------------------
INFO: [Synth 8-6157] synthesizing module 'tmpfile' [E:/One Drive/OneDrive - whu.edu.cn/Learning/computerOrg/lab_related/project_0/project_0.srcs/sources_1/new/tmpfile.v:22]
INFO: [Synth 8-6155] done synthesizing module 'tmpfile' (1#1) [E:/One Drive/OneDrive - whu.edu.cn/Learning/computerOrg/lab_related/project_0/project_0.srcs/sources_1/new/tmpfile.v:22]
WARNING: [Synth 8-3331] design tmpfile has unconnected port led_o[14]
WARNING: [Synth 8-3331] design tmpfile has unconnected port led_o[13]
WARNING: [Synth 8-3331] design tmpfile has unconnected port led_o[12]
WARNING: [Synth 8-3331] design tmpfile has unconnected port led_o[11]
WARNING: [Synth 8-3331] design tmpfile has unconnected port led_o[10]
WARNING: [Synth 8-3331] design tmpfile has unconnected port led_o[9]
WARNING: [Synth 8-3331] design tmpfile has unconnected port led_o[8]
WARNING: [Synth 8-3331] design tmpfile has unconnected port led_o[7]
WARNING: [Synth 8-3331] design tmpfile has unconnected port led_o[6]
WARNING: [Synth 8-3331] design tmpfile has unconnected port led_o[5]
WARNING: [Synth 8-3331] design tmpfile has unconnected port led_o[4]
WARNING: [Synth 8-3331] design tmpfile has unconnected port led_o[3]
WARNING: [Synth 8-3331] design tmpfile has unconnected port led_o[2]
WARNING: [Synth 8-3331] design tmpfile has unconnected port led_o[1]
WARNING: [Synth 8-3331] design tmpfile has unconnected port led_o[0]
WARNING: [Synth 8-3331] design tmpfile has unconnected port clk
WARNING: [Synth 8-3331] design tmpfile has unconnected port rstn
WARNING: [Synth 8-3331] design tmpfile has unconnected port sw_i[15]
WARNING: [Synth 8-3331] design tmpfile has unconnected port sw_i[14]
WARNING: [Synth 8-3331] design tmpfile has unconnected port sw_i[13]
WARNING: [Synth 8-3331] design tmpfile has unconnected port sw_i[12]
WARNING: [Synth 8-3331] design tmpfile has unconnected port sw_i[11]
WARNING: [Synth 8-3331] design tmpfile has unconnected port sw_i[10]
WARNING: [Synth 8-3331] design tmpfile has unconnected port sw_i[9]
WARNING: [Synth 8-3331] design tmpfile has unconnected port sw_i[8]
WARNING: [Synth 8-3331] design tmpfile has unconnected port sw_i[7]
WARNING: [Synth 8-3331] design tmpfile has unconnected port sw_i[6]
WARNING: [Synth 8-3331] design tmpfile has unconnected port sw_i[5]
WARNING: [Synth 8-3331] design tmpfile has unconnected port sw_i[0]
---------------------------------------------------------------------------------
Finished RTL Elaboration : Time (s): cpu = 00:00:01 ; elapsed = 00:00:03 . Memory (MB): peak = 495.445 ; gain = 148.684
---------------------------------------------------------------------------------

Report Check Netlist: 
+------+------------------+-------+---------+-------+------------------+
|      |Item              |Errors |Warnings |Status |Description       |
+------+------------------+-------+---------+-------+------------------+
|1     |multi_driven_nets |      0|        0|Passed |Multi driven nets |
+------+------------------+-------+---------+-------+------------------+
---------------------------------------------------------------------------------
Start Handling Custom Attributes
---------------------------------------------------------------------------------
---------------------------------------------------------------------------------
Finished Handling Custom Attributes : Time (s): cpu = 00:00:01 ; elapsed = 00:00:03 . Memory (MB): peak = 495.445 ; gain = 148.684
---------------------------------------------------------------------------------
---------------------------------------------------------------------------------
Finished RTL Optimization Phase 1 : Time (s): cpu = 00:00:01 ; elapsed = 00:00:03 . Memory (MB): peak = 495.445 ; gain = 148.684
---------------------------------------------------------------------------------
INFO: [Device 21-403] Loading part xc7a100tcsg324-1
INFO: [Project 1-570] Preparing netlist for logic optimization

Processing XDC Constraints
Initializing timing engine
Parsing XDC File [E:/One Drive/OneDrive - whu.edu.cn/Learning/computerOrg/lab_related/icf.xdc]
WARNING: [Vivado 12-507] No nets matched 'sw_i_IBUF[15]'. [E:/One Drive/OneDrive - whu.edu.cn/Learning/computerOrg/lab_related/icf.xdc:5]
CRITICAL WARNING: [Common 17-55] 'set_property' expects at least one object. [E:/One Drive/OneDrive - whu.edu.cn/Learning/computerOrg/lab_related/icf.xdc:5]
Resolution: If [get_<value>] was used to populate the object, check to make sure this command returns at least one valid object.
WARNING: [Vivado 12-584] No ports matched 'disp_seg_o[0]'. [E:/One Drive/OneDrive - whu.edu.cn/Learning/computerOrg/lab_related/icf.xdc:7]
CRITICAL WARNING: [Common 17-55] 'set_property' expects at least one object. [E:/One Drive/OneDrive - whu.edu.cn/Learning/computerOrg/lab_related/icf.xdc:7]
Resolution: If [get_<value>] was used to populate the object, check to make sure this command returns at least one valid object.
WARNING: [Vivado 12-584] No ports matched 'disp_seg_o[1]'. [E:/One Drive/OneDrive - whu.edu.cn/Learning/computerOrg/lab_related/icf.xdc:8]
CRITICAL WARNING: [Common 17-55] 'set_property' expects at least one object. [E:/One Drive/OneDrive - whu.edu.cn/Learning/computerOrg/lab_related/icf.xdc:8]
Resolution: If [get_<value>] was used to populate the object, check to make sure this command returns at least one valid object.
WARNING: [Vivado 12-584] No ports matched 'disp_seg_o[2]'. [E:/One Drive/OneDrive - whu.edu.cn/Learning/computerOrg/lab_related/icf.xdc:9]
CRITICAL WARNING: [Common 17-55] 'set_property' expects at least one object. [E:/One Drive/OneDrive - whu.edu.cn/Learning/computerOrg/lab_related/icf.xdc:9]
Resolution: If [get_<value>] was used to populate the object, check to make sure this command returns at least one valid object.
WARNING: [Vivado 12-584] No ports matched 'disp_seg_o[3]'. [E:/One Drive/OneDrive - whu.edu.cn/Learning/computerOrg/lab_related/icf.xdc:10]
CRITICAL WARNING: [Common 17-55] 'set_property' expects at least one object. [E:/One Drive/OneDrive - whu.edu.cn/Learning/computerOrg/lab_related/icf.xdc:10]
Resolution: If [get_<value>] was used to populate the object, check to make sure this command returns at least one valid object.
WARNING: [Vivado 12-584] No ports matched 'disp_seg_o[4]'. [E:/One Drive/OneDrive - whu.edu.cn/Learning/computerOrg/lab_related/icf.xdc:11]
CRITICAL WARNING: [Common 17-55] 'set_property' expects at least one object. [E:/One Drive/OneDrive - whu.edu.cn/Learning/computerOrg/lab_related/icf.xdc:11]
Resolution: If [get_<value>] was used to populate the object, check to make sure this command returns at least one valid object.
WARNING: [Vivado 12-584] No ports matched 'disp_seg_o[5]'. [E:/One Drive/OneDrive - whu.edu.cn/Learning/computerOrg/lab_related/icf.xdc:12]
CRITICAL WARNING: [Common 17-55] 'set_property' expects at least one object. [E:/One Drive/OneDrive - whu.edu.cn/Learning/computerOrg/lab_related/icf.xdc:12]
Resolution: If [get_<value>] was used to populate the object, check to make sure this command returns at least one valid object.
WARNING: [Vivado 12-584] No ports matched 'disp_seg_o[6]'. [E:/One Drive/OneDrive - whu.edu.cn/Learning/computerOrg/lab_related/icf.xdc:13]
CRITICAL WARNING: [Common 17-55] 'set_property' expects at least one object. [E:/One Drive/OneDrive - whu.edu.cn/Learning/computerOrg/lab_related/icf.xdc:13]
Resolution: If [get_<value>] was used to populate the object, check to make sure this command returns at least one valid object.
WARNING: [Vivado 12-584] No ports matched 'disp_seg_o[7]'. [E:/One Drive/OneDrive - whu.edu.cn/Learning/computerOrg/lab_related/icf.xdc:14]
CRITICAL WARNING: [Common 17-55] 'set_property' expects at least one object. [E:/One Drive/OneDrive - whu.edu.cn/Learning/computerOrg/lab_related/icf.xdc:14]
Resolution: If [get_<value>] was used to populate the object, check to make sure this command returns at least one valid object.
WARNING: [Vivado 12-584] No ports matched 'disp_an_o[0]'. [E:/One Drive/OneDrive - whu.edu.cn/Learning/computerOrg/lab_related/icf.xdc:16]
CRITICAL WARNING: [Common 17-55] 'set_property' expects at least one object. [E:/One Drive/OneDrive - whu.edu.cn/Learning/computerOrg/lab_related/icf.xdc:16]
Resolution: If [get_<value>] was used to populate the object, check to make sure this command returns at least one valid object.
WARNING: [Vivado 12-584] No ports matched 'disp_an_o[1]'. [E:/One Drive/OneDrive - whu.edu.cn/Learning/computerOrg/lab_related/icf.xdc:17]
CRITICAL WARNING: [Common 17-55] 'set_property' expects at least one object. [E:/One Drive/OneDrive - whu.edu.cn/Learning/computerOrg/lab_related/icf.xdc:17]
Resolution: If [get_<value>] was used to populate the object, check to make sure this command returns at least one valid object.
WARNING: [Vivado 12-584] No ports matched 'disp_an_o[2]'. [E:/One Drive/OneDrive - whu.edu.cn/Learning/computerOrg/lab_related/icf.xdc:18]
CRITICAL WARNING: [Common 17-55] 'set_property' expects at least one object. [E:/One Drive/OneDrive - whu.edu.cn/Learning/computerOrg/lab_related/icf.xdc:18]
Resolution: If [get_<value>] was used to populate the object, check to make sure this command returns at least one valid object.
WARNING: [Vivado 12-584] No ports matched 'disp_an_o[3]'. [E:/One Drive/OneDrive - whu.edu.cn/Learning/computerOrg/lab_related/icf.xdc:19]
CRITICAL WARNING: [Common 17-55] 'set_property' expects at least one object. [E:/One Drive/OneDrive - whu.edu.cn/Learning/computerOrg/lab_related/icf.xdc:19]
Resolution: If [get_<value>] was used to populate the object, check to make sure this command returns at least one valid object.
WARNING: [Vivado 12-584] No ports matched 'disp_an_o[4]'. [E:/One Drive/OneDrive - whu.edu.cn/Learning/computerOrg/lab_related/icf.xdc:20]
CRITICAL WARNING: [Common 17-55] 'set_property' expects at least one object. [E:/One Drive/OneDrive - whu.edu.cn/Learning/computerOrg/lab_related/icf.xdc:20]
Resolution: If [get_<value>] was used to populate the object, check to make sure this command returns at least one valid object.
WARNING: [Vivado 12-584] No ports matched 'disp_an_o[5]'. [E:/One Drive/OneDrive - whu.edu.cn/Learning/computerOrg/lab_related/icf.xdc:21]
CRITICAL WARNING: [Common 17-55] 'set_property' expects at least one object. [E:/One Drive/OneDrive - whu.edu.cn/Learning/computerOrg/lab_related/icf.xdc:21]
Resolution: If [get_<value>] was used to populate the object, check to make sure this command returns at least one valid object.
WARNING: [Vivado 12-584] No ports matched 'disp_an_o[6]'. [E:/One Drive/OneDrive - whu.edu.cn/Learning/computerOrg/lab_related/icf.xdc:22]
CRITICAL WARNING: [Common 17-55] 'set_property' expects at least one object. [E:/One Drive/OneDrive - whu.edu.cn/Learning/computerOrg/lab_related/icf.xdc:22]
Resolution: If [get_<value>] was used to populate the object, check to make sure this command returns at least one valid object.
WARNING: [Vivado 12-584] No ports matched 'disp_an_o[7]'. [E:/One Drive/OneDrive - whu.edu.cn/Learning/computerOrg/lab_related/icf.xdc:23]
CRITICAL WARNING: [Common 17-55] 'set_property' expects at least one object. [E:/One Drive/OneDrive - whu.edu.cn/Learning/computerOrg/lab_related/icf.xdc:23]
Resolution: If [get_<value>] was used to populate the object, check to make sure this command returns at least one valid object.
Finished Parsing XDC File [E:/One Drive/OneDrive - whu.edu.cn/Learning/computerOrg/lab_related/icf.xdc]
INFO: [Project 1-236] Implementation specific constraints were found while reading constraint file [E:/One Drive/OneDrive - whu.edu.cn/Learning/computerOrg/lab_related/icf.xdc]. These constraints will be ignored for synthesis but will be used in implementation. Impacted constraints are listed in the file [.Xil/tmpfile_propImpl.xdc].
Resolution: To avoid this warning, move constraints listed in [.Xil/tmpfile_propImpl.xdc] to another XDC file and exclude this new file from synthesis with the used_in_synthesis property (File Properties dialog in GUI) and re-run elaboration/synthesis.
Completed Processing XDC Constraints

INFO: [Project 1-111] Unisim Transformation Summary:
No Unisim elements were transformed.

Constraint Validation Runtime : Time (s): cpu = 00:00:00 ; elapsed = 00:00:00.002 . Memory (MB): peak = 759.238 ; gain = 0.000
---------------------------------------------------------------------------------
Finished Constraint Validation : Time (s): cpu = 00:00:05 ; elapsed = 00:00:11 . Memory (MB): peak = 759.238 ; gain = 412.477
---------------------------------------------------------------------------------
---------------------------------------------------------------------------------
Start Loading Part and Timing Information
---------------------------------------------------------------------------------
Loading part: xc7a100tcsg324-1
---------------------------------------------------------------------------------
Finished Loading Part and Timing Information : Time (s): cpu = 00:00:05 ; elapsed = 00:00:11 . Memory (MB): peak = 759.238 ; gain = 412.477
---------------------------------------------------------------------------------
---------------------------------------------------------------------------------
Start Applying 'set_property' XDC Constraints
---------------------------------------------------------------------------------
---------------------------------------------------------------------------------
Finished applying 'set_property' XDC Constraints : Time (s): cpu = 00:00:05 ; elapsed = 00:00:11 . Memory (MB): peak = 759.238 ; gain = 412.477
---------------------------------------------------------------------------------
INFO: [Synth 8-5544] ROM "ledstate" won't be mapped to Block RAM because address size (4) smaller than threshold (5)
---------------------------------------------------------------------------------
Finished RTL Optimization Phase 2 : Time (s): cpu = 00:00:05 ; elapsed = 00:00:11 . Memory (MB): peak = 759.238 ; gain = 412.477
---------------------------------------------------------------------------------

Report RTL Partitions: 
+-+--------------+------------+----------+
| |RTL Partition |Replication |Instances |
+-+--------------+------------+----------+
+-+--------------+------------+----------+
---------------------------------------------------------------------------------
Start RTL Component Statistics 
---------------------------------------------------------------------------------
Detailed RTL Component Info : 
+---Muxes : 
	   2 Input      1 Bit        Muxes := 1     
---------------------------------------------------------------------------------
Finished RTL Component Statistics 
---------------------------------------------------------------------------------
---------------------------------------------------------------------------------
Start RTL Hierarchical Component Statistics 
---------------------------------------------------------------------------------
Hierarchical RTL Component report 
Module tmpfile 
Detailed RTL Component Info : 
+---Muxes : 
	   2 Input      1 Bit        Muxes := 1     
---------------------------------------------------------------------------------
Finished RTL Hierarchical Component Statistics
---------------------------------------------------------------------------------
---------------------------------------------------------------------------------
Start Part Resource Summary
---------------------------------------------------------------------------------
Part Resources:
DSPs: 240 (col length:80)
BRAMs: 270 (col length: RAMB18 80 RAMB36 40)
---------------------------------------------------------------------------------
Finished Part Resource Summary
---------------------------------------------------------------------------------
---------------------------------------------------------------------------------
Start Cross Boundary and Area Optimization
---------------------------------------------------------------------------------
Warning: Parallel synthesis criteria is not met 
WARNING: [Synth 8-3331] design tmpfile has unconnected port led_o[14]
WARNING: [Synth 8-3331] design tmpfile has unconnected port led_o[13]
WARNING: [Synth 8-3331] design tmpfile has unconnected port led_o[12]
WARNING: [Synth 8-3331] design tmpfile has unconnected port led_o[11]
WARNING: [Synth 8-3331] design tmpfile has unconnected port led_o[10]
WARNING: [Synth 8-3331] design tmpfile has unconnected port led_o[9]
WARNING: [Synth 8-3331] design tmpfile has unconnected port led_o[8]
WARNING: [Synth 8-3331] design tmpfile has unconnected port led_o[7]
WARNING: [Synth 8-3331] design tmpfile has unconnected port led_o[6]
WARNING: [Synth 8-3331] design tmpfile has unconnected port led_o[5]
WARNING: [Synth 8-3331] design tmpfile has unconnected port led_o[4]
WARNING: [Synth 8-3331] design tmpfile has unconnected port led_o[3]
WARNING: [Synth 8-3331] design tmpfile has unconnected port led_o[2]
WARNING: [Synth 8-3331] design tmpfile has unconnected port led_o[1]
WARNING: [Synth 8-3331] design tmpfile has unconnected port led_o[0]
WARNING: [Synth 8-3331] design tmpfile has unconnected port clk
WARNING: [Synth 8-3331] design tmpfile has unconnected port rstn
WARNING: [Synth 8-3331] design tmpfile has unconnected port sw_i[15]
WARNING: [Synth 8-3331] design tmpfile has unconnected port sw_i[14]
WARNING: [Synth 8-3331] design tmpfile has unconnected port sw_i[13]
WARNING: [Synth 8-3331] design tmpfile has unconnected port sw_i[12]
WARNING: [Synth 8-3331] design tmpfile has unconnected port sw_i[11]
WARNING: [Synth 8-3331] design tmpfile has unconnected port sw_i[10]
WARNING: [Synth 8-3331] design tmpfile has unconnected port sw_i[9]
WARNING: [Synth 8-3331] design tmpfile has unconnected port sw_i[8]
WARNING: [Synth 8-3331] design tmpfile has unconnected port sw_i[7]
WARNING: [Synth 8-3331] design tmpfile has unconnected port sw_i[6]
WARNING: [Synth 8-3331] design tmpfile has unconnected port sw_i[5]
WARNING: [Synth 8-3331] design tmpfile has unconnected port sw_i[0]
---------------------------------------------------------------------------------
Finished Cross Boundary and Area Optimization : Time (s): cpu = 00:00:05 ; elapsed = 00:00:12 . Memory (MB): peak = 759.238 ; gain = 412.477
---------------------------------------------------------------------------------

Report RTL Partitions: 
+-+--------------+------------+----------+
| |RTL Partition |Replication |Instances |
+-+--------------+------------+----------+
+-+--------------+------------+----------+
---------------------------------------------------------------------------------
Start Applying XDC Timing Constraints
---------------------------------------------------------------------------------
---------------------------------------------------------------------------------
Finished Applying XDC Timing Constraints : Time (s): cpu = 00:00:09 ; elapsed = 00:00:19 . Memory (MB): peak = 835.203 ; gain = 488.441
---------------------------------------------------------------------------------
---------------------------------------------------------------------------------
Start Timing Optimization
---------------------------------------------------------------------------------
---------------------------------------------------------------------------------
Finished Timing Optimization : Time (s): cpu = 00:00:09 ; elapsed = 00:00:19 . Memory (MB): peak = 835.203 ; gain = 488.441
---------------------------------------------------------------------------------

Report RTL Partitions: 
+-+--------------+------------+----------+
| |RTL Partition |Replication |Instances |
+-+--------------+------------+----------+
+-+--------------+------------+----------+
---------------------------------------------------------------------------------
Start Technology Mapping
---------------------------------------------------------------------------------
---------------------------------------------------------------------------------
Finished Technology Mapping : Time (s): cpu = 00:00:09 ; elapsed = 00:00:19 . Memory (MB): peak = 835.203 ; gain = 488.441
---------------------------------------------------------------------------------

Report RTL Partitions: 
+-+--------------+------------+----------+
| |RTL Partition |Replication |Instances |
+-+--------------+------------+----------+
+-+--------------+------------+----------+
---------------------------------------------------------------------------------
Start IO Insertion
---------------------------------------------------------------------------------
---------------------------------------------------------------------------------
Start Flattening Before IO Insertion
---------------------------------------------------------------------------------
---------------------------------------------------------------------------------
Finished Flattening Before IO Insertion
---------------------------------------------------------------------------------
---------------------------------------------------------------------------------
Start Final Netlist Cleanup
---------------------------------------------------------------------------------
---------------------------------------------------------------------------------
Finished Final Netlist Cleanup
---------------------------------------------------------------------------------
---------------------------------------------------------------------------------
Finished IO Insertion : Time (s): cpu = 00:00:09 ; elapsed = 00:00:20 . Memory (MB): peak = 836.328 ; gain = 489.566
---------------------------------------------------------------------------------

Report Check Netlist: 
+------+------------------+-------+---------+-------+------------------+
|      |Item              |Errors |Warnings |Status |Description       |
+------+------------------+-------+---------+-------+------------------+
|1     |multi_driven_nets |      0|        0|Passed |Multi driven nets |
+------+------------------+-------+---------+-------+------------------+
---------------------------------------------------------------------------------
Start Renaming Generated Instances
---------------------------------------------------------------------------------
---------------------------------------------------------------------------------
Finished Renaming Generated Instances : Time (s): cpu = 00:00:09 ; elapsed = 00:00:20 . Memory (MB): peak = 836.328 ; gain = 489.566
---------------------------------------------------------------------------------

Report RTL Partitions: 
+-+--------------+------------+----------+
| |RTL Partition |Replication |Instances |
+-+--------------+------------+----------+
+-+--------------+------------+----------+
---------------------------------------------------------------------------------
Start Rebuilding User Hierarchy
---------------------------------------------------------------------------------
---------------------------------------------------------------------------------
Finished Rebuilding User Hierarchy : Time (s): cpu = 00:00:09 ; elapsed = 00:00:20 . Memory (MB): peak = 836.328 ; gain = 489.566
---------------------------------------------------------------------------------
---------------------------------------------------------------------------------
Start Renaming Generated Ports
---------------------------------------------------------------------------------
---------------------------------------------------------------------------------
Finished Renaming Generated Ports : Time (s): cpu = 00:00:09 ; elapsed = 00:00:20 . Memory (MB): peak = 836.328 ; gain = 489.566
---------------------------------------------------------------------------------
---------------------------------------------------------------------------------
Start Handling Custom Attributes
---------------------------------------------------------------------------------
---------------------------------------------------------------------------------
Finished Handling Custom Attributes : Time (s): cpu = 00:00:09 ; elapsed = 00:00:20 . Memory (MB): peak = 836.328 ; gain = 489.566
---------------------------------------------------------------------------------
---------------------------------------------------------------------------------
Start Renaming Generated Nets
---------------------------------------------------------------------------------
---------------------------------------------------------------------------------
Finished Renaming Generated Nets : Time (s): cpu = 00:00:09 ; elapsed = 00:00:20 . Memory (MB): peak = 836.328 ; gain = 489.566
---------------------------------------------------------------------------------
---------------------------------------------------------------------------------
Start Writing Synthesis Report
---------------------------------------------------------------------------------

Report BlackBoxes: 
+-+--------------+----------+
| |BlackBox name |Instances |
+-+--------------+----------+
+-+--------------+----------+

Report Cell Usage: 
+------+------+------+
|      |Cell  |Count |
+------+------+------+
|1     |LUT4  |     1|
|2     |IBUF  |     4|
|3     |OBUF  |     1|
|4     |OBUFT |    15|
+------+------+------+

Report Instance Areas: 
+------+---------+-------+------+
|      |Instance |Module |Cells |
+------+---------+-------+------+
|1     |top      |       |    21|
+------+---------+-------+------+
---------------------------------------------------------------------------------
Finished Writing Synthesis Report : Time (s): cpu = 00:00:09 ; elapsed = 00:00:20 . Memory (MB): peak = 836.328 ; gain = 489.566
---------------------------------------------------------------------------------
Synthesis finished with 0 errors, 0 critical warnings and 29 warnings.
Synthesis Optimization Runtime : Time (s): cpu = 00:00:05 ; elapsed = 00:00:14 . Memory (MB): peak = 836.387 ; gain = 225.832
Synthesis Optimization Complete : Time (s): cpu = 00:00:09 ; elapsed = 00:00:20 . Memory (MB): peak = 836.387 ; gain = 489.625
INFO: [Project 1-571] Translating synthesized netlist
INFO: [Netlist 29-17] Analyzing 4 Unisim elements for replacement
INFO: [Netlist 29-28] Unisim Transformation completed in 0 CPU seconds
INFO: [Project 1-570] Preparing netlist for logic optimization
INFO: [Opt 31-138] Pushed 0 inverter(s) to 0 load pin(s).
INFO: [Project 1-111] Unisim Transformation Summary:
No Unisim elements were transformed.

INFO: [Common 17-83] Releasing license: Synthesis
15 Infos, 75 Warnings, 17 Critical Warnings and 0 Errors encountered.
synth_design completed successfully
synth_design: Time (s): cpu = 00:00:10 ; elapsed = 00:00:22 . Memory (MB): peak = 857.230 ; gain = 522.762
WARNING: [Constraints 18-5210] No constraint will be written out.
INFO: [Common 17-1381] The checkpoint 'E:/One Drive/OneDrive - whu.edu.cn/Learning/computerOrg/lab_related/project_0/project_0.runs/synth_1/tmpfile.dcp' has been generated.
INFO: [runtcl-4] Executing : report_utilization -file tmpfile_utilization_synth.rpt -pb tmpfile_utilization_synth.pb
report_utilization: Time (s): cpu = 00:00:00 ; elapsed = 00:00:00.030 . Memory (MB): peak = 857.230 ; gain = 0.000
INFO: [Common 17-206] Exiting Vivado at Mon Jun 19 15:58:38 2023...
